<?xml version="1.0" encoding="UTF-8"?>
<!-- Generated by org.testng.reporters.JUnitReportReporter -->
<testsuite hostname="DESKTOP-6VK8831" failures="0" tests="1" name="com.qacart.todo.testCases.creataccountTest" time="7.302" errors="0" timestamp="2024-01-07T00:29:46 PST" skipped="0">
  <testcase classname="com.qacart.todo.testCases.creataccountTest" name="creatAcount" time="7.302"/>
</testsuite> <!-- com.qacart.todo.testCases.creataccountTest -->
