<?xml version="1.0" encoding="UTF-8"?>
<!-- Generated by org.testng.reporters.JUnitReportReporter -->
<testsuite hostname="DESKTOP-6VK8831" failures="0" tests="1" name="com.qacart.todo.creataccountTest" time="10.159" errors="0" timestamp="2023-12-14T02:11:03 PST" skipped="0">
  <testcase classname="com.qacart.todo.creataccountTest" name="creatAcount" time="10.159"/>
</testsuite> <!-- com.qacart.todo.creataccountTest -->
