<?xml version="1.0" encoding="UTF-8"?>
<!-- Generated by org.testng.reporters.JUnitReportReporter -->
<testsuite hostname="DESKTOP-6VK8831" failures="0" tests="2" name="com.qacart.todo.NewTodoTestcase" time="14.967" errors="0" timestamp="2023-12-13T22:54:54 PST" skipped="0">
  <testcase classname="com.qacart.todo.NewTodoTestcase" name="DeleteTheTodo" time="7.321"/>
  <testcase classname="com.qacart.todo.NewTodoTestcase" name="TestToDos" time="7.646"/>
</testsuite> <!-- com.qacart.todo.NewTodoTestcase -->
