<?xml version="1.0" encoding="UTF-8"?>
<!-- Generated by org.testng.reporters.JUnitReportReporter -->
<testsuite hostname="DESKTOP-6VK8831" failures="0" tests="1" name="qaPckg.TodoTestcase" time="7.978" errors="0" timestamp="2023-12-12T04:50:47 PST" skipped="0">
  <testcase classname="qaPckg.TodoTestcase" name="DeleteTheTodo" time="7.978"/>
</testsuite> <!-- qaPckg.TodoTestcase -->
