<?xml version="1.0" encoding="UTF-8"?>
<!-- Generated by org.testng.reporters.JUnitReportReporter -->
<testsuite hostname="DESKTOP-6VK8831" failures="0" tests="1" name="com.qacart.todo.testCases.LoginTest" time="6.659" errors="0" timestamp="2024-01-08T04:39:02 PST" skipped="0">
  <testcase classname="com.qacart.todo.testCases.LoginTest" name="LoginWithemailAndPassword" time="6.659"/>
</testsuite> <!-- com.qacart.todo.testCases.LoginTest -->
