<?xml version="1.0" encoding="UTF-8"?>
<!-- Generated by org.testng.reporters.JUnitReportReporter -->
<testsuite hostname="DESKTOP-6VK8831" failures="0" tests="2" name="com.qacart.todo.testCases.NewTodoTest" time="12.699" errors="0" timestamp="2024-01-08T04:45:51 PST" skipped="0">
  <testcase classname="com.qacart.todo.testCases.NewTodoTest" name="DeleteTheTodo" time="5.422"/>
  <testcase classname="com.qacart.todo.testCases.NewTodoTest" name="TestToDos" time="7.277"/>
</testsuite> <!-- com.qacart.todo.testCases.NewTodoTest -->
