<?xml version="1.0" encoding="UTF-8"?>
<!-- Generated by org.testng.reporters.JUnitReportReporter -->
<testsuite hostname="DESKTOP-6VK8831" failures="0" tests="1" name="com.qacart.todo.LoginTestcase" time="8.190" errors="0" timestamp="2023-12-13T02:18:26 PST" skipped="0">
  <testcase classname="com.qacart.todo.LoginTestcase" name="LoginWithemailAndPassword" time="8.190"/>
</testsuite> <!-- com.qacart.todo.LoginTestcase -->
