<?xml version="1.0" encoding="UTF-8"?>
<!-- Generated by org.testng.reporters.JUnitReportReporter -->
<testsuite hostname="DESKTOP-6VK8831" failures="0" tests="1" name="com.qacart.todo.testCases.LoginTest" time="9.436" errors="0" timestamp="2024-01-10T01:05:20 PST" skipped="0">
  <testcase classname="com.qacart.todo.testCases.LoginTest" name="LoginWithemailAndPassword" time="9.436"/>
</testsuite> <!-- com.qacart.todo.testCases.LoginTest -->
