<?xml version="1.0" encoding="UTF-8"?>
<!-- Generated by org.testng.reporters.JUnitReportReporter -->
<testsuite hostname="DESKTOP-6VK8831" failures="0" tests="2" name="com.qacart.todo.testCases.NewTodoTest" time="15.276" errors="0" timestamp="2024-01-10T01:05:20 PST" skipped="0">
  <testcase classname="com.qacart.todo.testCases.NewTodoTest" name="DeleteTheTodo" time="7.901"/>
  <testcase classname="com.qacart.todo.testCases.NewTodoTest" name="TestToDos" time="7.375"/>
</testsuite> <!-- com.qacart.todo.testCases.NewTodoTest -->
